2025-06-05 03:19:28 [restartedMain] INFO  c.task.products.ProductsApplication - Starting ProductsApplication using Java 23 with PID 10584 (F:\study\tasks\java task\products\target\classes started by Administrator in F:\study\tasks\java task\products)
2025-06-05 03:19:28 [restartedMain] INFO  c.task.products.ProductsApplication - No active profile set, falling back to 1 default profile: "default"
2025-06-05 03:19:28 [restartedMain] INFO  o.s.b.d.e.DevToolsPropertyDefaultsPostProcessor - Devtools property defaults active! Set 'spring.devtools.add-properties' to 'false' to disable
2025-06-05 03:19:28 [restartedMain] INFO  o.s.b.d.e.DevToolsPropertyDefaultsPostProcessor - For additional web related logging consider setting the 'logging.level.web' property to 'DEBUG'
2025-06-05 03:19:31 [restartedMain] INFO  o.s.d.r.c.RepositoryConfigurationDelegate - Bootstrapping Spring Data JPA repositories in DEFAULT mode.
2025-06-05 03:19:31 [restartedMain] INFO  o.s.d.r.c.RepositoryConfigurationDelegate - Finished Spring Data repository scanning in 167 ms. Found 2 JPA repository interfaces.
2025-06-05 03:19:35 [restartedMain] INFO  o.s.b.w.e.tomcat.TomcatWebServer - Tomcat initialized with port 8080 (http)
2025-06-05 03:19:35 [restartedMain] INFO  o.a.catalina.core.StandardService - Starting service [Tomcat]
2025-06-05 03:19:35 [restartedMain] INFO  o.a.catalina.core.StandardEngine - Starting Servlet engine: [Apache Tomcat/10.1.34]
2025-06-05 03:19:35 [restartedMain] INFO  o.a.c.c.C.[Tomcat].[localhost].[/] - Initializing Spring embedded WebApplicationContext
2025-06-05 03:19:35 [restartedMain] INFO  o.s.b.w.s.c.ServletWebServerApplicationContext - Root WebApplicationContext: initialization completed in 6959 ms
2025-06-05 03:19:35 [restartedMain] INFO  o.omnifaces.ApplicationInitializer - Using OmniFaces version 4.5.1
2025-06-05 03:19:44 [restartedMain] INFO  o.j.s.ServletContainerInitializerRegistrationBean - Resolving classes for com.sun.faces.config.FacesInitializer took 8.6631598s
2025-06-05 03:19:49 [restartedMain] INFO  o.j.s.ServletContainerInitializerRegistrationBean - Resolving classes for com.sun.faces.config.FacesInitializer2 took 4.2274843s
2025-06-05 03:19:49 [restartedMain] INFO  o.j.w.WeldServletContainerInitializerRegistrationBean - org.jboss.weld.environment.servlet.archive.isolation has already been set to false
2025-06-05 03:19:49 [restartedMain] INFO  o.j.w.environment.servletWeldServlet - WELD-ENV-001008: Initialize Weld using ServletContainerInitializer
2025-06-05 03:19:49 [restartedMain] INFO  org.jboss.weld.Version - WELD-000900: 5.1.3 (Final)
2025-06-05 03:19:49 [restartedMain] INFO  o.s.d.j.r.cdi.JpaRepositoryExtension - Activating CDI extension for Spring Data JPA repositories
2025-06-05 03:19:49 [restartedMain] INFO  org.jboss.weld.Bootstrap - WELD-ENV-000041: Using org.joinfaces.weld.ClassGraphDiscoveryStrategy@e799147 for bean discovery
2025-06-05 03:19:50 [restartedMain] INFO  o.j.weld.ClassGraphDiscoveryStrategy - Weld bean discovery took 559ms
2025-06-05 03:19:50 [restartedMain] INFO  org.jboss.weld.Bootstrap - WELD-000101: Transactional services not available. Injection of @Inject UserTransaction not available. Transactional observers will be invoked synchronously.
2025-06-05 03:19:50 [restartedMain] INFO  org.jboss.weld.Event - WELD-000411: Observer method [BackedAnnotatedMethod] protected org.springframework.data.repository.cdi.CdiRepositoryExtensionSupport.processAnnotatedType(@Observes ProcessAnnotatedType<X>) receives events for all annotated types. Consider restricting events using @WithAnnotations or a generic type with bounds.
2025-06-05 03:19:50 [restartedMain] INFO  o.j.w.environment.servletWeldServlet - WELD-ENV-001002: Container detection skipped - custom container class loaded: org.joinfaces.weld.NoopContainer.
2025-06-05 03:19:51 [restartedMain] INFO  j.e.r.webcontainer.faces.config - Initializing Mojarra 4.0.9 for context ''
2025-06-05 03:19:52 [restartedMain] INFO  j.e.r.webcontainer.faces.application - JSF1048: PostConstruct/PreDestroy annotations present.  ManagedBeans methods marked with these annotations will have said annotations processed.
2025-06-05 03:19:54 [restartedMain] INFO  o.p.w.PostConstructApplicationEventListener - Running on PrimeFaces 14.0.6
2025-06-05 03:19:55 [restartedMain] INFO  com.zaxxer.hikari.HikariDataSource - HikariPool-1 - Starting...
2025-06-05 03:19:56 [restartedMain] WARN  o.s.b.w.s.c.AnnotationConfigServletWebServerApplicationContext - Exception encountered during context initialization - cancelling refresh attempt: org.springframework.beans.factory.BeanCreationException: Error creating bean with name 'entityManagerFactory' defined in class path resource [org/springframework/boot/autoconfigure/orm/jpa/HibernateJpaConfiguration.class]: Failed to initialize dependency 'flywayInitializer' of LoadTimeWeaverAware bean 'entityManagerFactory': Error creating bean with name 'flywayInitializer' defined in class path resource [org/springframework/boot/autoconfigure/flyway/FlywayAutoConfiguration$FlywayConfiguration.class]: Unable to obtain connection from database: Could not connect to address=(host=localhost)(port=3306)(type=master) : (conn=41) Access denied for user 'root'@'localhost' (using password: NO)
-------------------------------------------------------------------------------------------------------------------------------------------------------------------------------------------
SQL State  : 28000
Error Code : 1045
Message    : Could not connect to address=(host=localhost)(port=3306)(type=master) : (conn=41) Access denied for user 'root'@'localhost' (using password: NO)

2025-06-05 03:19:56 [restartedMain] INFO  o.a.catalina.core.StandardService - Stopping service [Tomcat]
2025-06-05 03:19:56 [restartedMain] INFO  o.s.b.a.l.ConditionEvaluationReportLogger - 

Error starting ApplicationContext. To display the condition evaluation report re-run your application with 'debug' enabled.
2025-06-05 03:19:56 [restartedMain] ERROR o.s.boot.SpringApplication - Application run failed
org.springframework.beans.factory.BeanCreationException: Error creating bean with name 'entityManagerFactory' defined in class path resource [org/springframework/boot/autoconfigure/orm/jpa/HibernateJpaConfiguration.class]: Failed to initialize dependency 'flywayInitializer' of LoadTimeWeaverAware bean 'entityManagerFactory': Error creating bean with name 'flywayInitializer' defined in class path resource [org/springframework/boot/autoconfigure/flyway/FlywayAutoConfiguration$FlywayConfiguration.class]: Unable to obtain connection from database: Could not connect to address=(host=localhost)(port=3306)(type=master) : (conn=41) Access denied for user 'root'@'localhost' (using password: NO)
-------------------------------------------------------------------------------------------------------------------------------------------------------------------------------------------
SQL State  : 28000
Error Code : 1045
Message    : Could not connect to address=(host=localhost)(port=3306)(type=master) : (conn=41) Access denied for user 'root'@'localhost' (using password: NO)

	at org.springframework.beans.factory.support.AbstractBeanFactory.doGetBean(AbstractBeanFactory.java:325)
	at org.springframework.beans.factory.support.AbstractBeanFactory.getBean(AbstractBeanFactory.java:204)
	at org.springframework.context.support.AbstractApplicationContext.finishBeanFactoryInitialization(AbstractApplicationContext.java:970)
	at org.springframework.context.support.AbstractApplicationContext.refresh(AbstractApplicationContext.java:627)
	at org.springframework.boot.web.servlet.context.ServletWebServerApplicationContext.refresh(ServletWebServerApplicationContext.java:146)
	at org.springframework.boot.SpringApplication.refresh(SpringApplication.java:752)
	at org.springframework.boot.SpringApplication.refreshContext(SpringApplication.java:439)
	at org.springframework.boot.SpringApplication.run(SpringApplication.java:318)
	at org.springframework.boot.SpringApplication.run(SpringApplication.java:1361)
	at org.springframework.boot.SpringApplication.run(SpringApplication.java:1350)
	at com.task.products.ProductsApplication.main(ProductsApplication.java:10)
	at java.base/jdk.internal.reflect.DirectMethodHandleAccessor.invoke(DirectMethodHandleAccessor.java:103)
	at java.base/java.lang.reflect.Method.invoke(Method.java:580)
	at org.springframework.boot.devtools.restart.RestartLauncher.run(RestartLauncher.java:50)
Caused by: org.springframework.beans.factory.BeanCreationException: Error creating bean with name 'flywayInitializer' defined in class path resource [org/springframework/boot/autoconfigure/flyway/FlywayAutoConfiguration$FlywayConfiguration.class]: Unable to obtain connection from database: Could not connect to address=(host=localhost)(port=3306)(type=master) : (conn=41) Access denied for user 'root'@'localhost' (using password: NO)
-------------------------------------------------------------------------------------------------------------------------------------------------------------------------------------------
SQL State  : 28000
Error Code : 1045
Message    : Could not connect to address=(host=localhost)(port=3306)(type=master) : (conn=41) Access denied for user 'root'@'localhost' (using password: NO)

	at org.springframework.beans.factory.support.AbstractAutowireCapableBeanFactory.initializeBean(AbstractAutowireCapableBeanFactory.java:1802)
	at org.springframework.beans.factory.support.AbstractAutowireCapableBeanFactory.doCreateBean(AbstractAutowireCapableBeanFactory.java:601)
	at org.springframework.beans.factory.support.AbstractAutowireCapableBeanFactory.createBean(AbstractAutowireCapableBeanFactory.java:523)
	at org.springframework.beans.factory.support.AbstractBeanFactory.lambda$doGetBean$0(AbstractBeanFactory.java:336)
	at org.springframework.beans.factory.support.DefaultSingletonBeanRegistry.getSingleton(DefaultSingletonBeanRegistry.java:288)
	at org.springframework.beans.factory.support.AbstractBeanFactory.doGetBean(AbstractBeanFactory.java:334)
	at org.springframework.beans.factory.support.AbstractBeanFactory.getBean(AbstractBeanFactory.java:199)
	at org.springframework.beans.factory.support.AbstractBeanFactory.doGetBean(AbstractBeanFactory.java:312)
	... 13 common frames omitted
Caused by: org.flywaydb.core.internal.exception.FlywaySqlException: Unable to obtain connection from database: Could not connect to address=(host=localhost)(port=3306)(type=master) : (conn=41) Access denied for user 'root'@'localhost' (using password: NO)
-------------------------------------------------------------------------------------------------------------------------------------------------------------------------------------------
SQL State  : 28000
Error Code : 1045
Message    : Could not connect to address=(host=localhost)(port=3306)(type=master) : (conn=41) Access denied for user 'root'@'localhost' (using password: NO)

	at org.flywaydb.core.internal.jdbc.JdbcUtils.openConnection(JdbcUtils.java:71)
	at org.flywaydb.core.internal.jdbc.JdbcConnectionFactory.<init>(JdbcConnectionFactory.java:76)
	at org.flywaydb.core.FlywayExecutor.execute(FlywayExecutor.java:137)
	at org.flywaydb.core.Flyway.migrate(Flyway.java:176)
	at org.springframework.boot.autoconfigure.flyway.FlywayMigrationInitializer.afterPropertiesSet(FlywayMigrationInitializer.java:66)
	at org.springframework.beans.factory.support.AbstractAutowireCapableBeanFactory.invokeInitMethods(AbstractAutowireCapableBeanFactory.java:1849)
	at org.springframework.beans.factory.support.AbstractAutowireCapableBeanFactory.initializeBean(AbstractAutowireCapableBeanFactory.java:1798)
	... 20 common frames omitted
Caused by: java.sql.SQLInvalidAuthorizationSpecException: Could not connect to address=(host=localhost)(port=3306)(type=master) : (conn=41) Access denied for user 'root'@'localhost' (using password: NO)
	at org.mariadb.jdbc.internal.util.exceptions.ExceptionFactory.createException(ExceptionFactory.java:66)
	at org.mariadb.jdbc.internal.util.exceptions.ExceptionFactory.create(ExceptionFactory.java:197)
	at org.mariadb.jdbc.internal.protocol.AbstractConnectProtocol.connectWithoutProxy(AbstractConnectProtocol.java:1394)
	at org.mariadb.jdbc.internal.util.Utils.retrieveProxy(Utils.java:635)
	at org.mariadb.jdbc.MariaDbConnection.newConnection(MariaDbConnection.java:150)
	at org.mariadb.jdbc.Driver.connect(Driver.java:89)
	at com.zaxxer.hikari.util.DriverDataSource.getConnection(DriverDataSource.java:137)
	at com.zaxxer.hikari.pool.PoolBase.newConnection(PoolBase.java:360)
	at com.zaxxer.hikari.pool.PoolBase.newPoolEntry(PoolBase.java:202)
	at com.zaxxer.hikari.pool.HikariPool.createPoolEntry(HikariPool.java:461)
	at com.zaxxer.hikari.pool.HikariPool.checkFailFast(HikariPool.java:550)
	at com.zaxxer.hikari.pool.HikariPool.<init>(HikariPool.java:98)
	at com.zaxxer.hikari.HikariDataSource.getConnection(HikariDataSource.java:111)
	at org.flywaydb.core.internal.jdbc.JdbcUtils.openConnection(JdbcUtils.java:59)
	... 26 common frames omitted
Caused by: java.sql.SQLInvalidAuthorizationSpecException: (conn=41) Access denied for user 'root'@'localhost' (using password: NO)
	at org.mariadb.jdbc.internal.util.exceptions.ExceptionFactory.createException(ExceptionFactory.java:66)
	at org.mariadb.jdbc.internal.util.exceptions.ExceptionFactory.create(ExceptionFactory.java:192)
	at org.mariadb.jdbc.internal.protocol.AbstractConnectProtocol.authenticationHandler(AbstractConnectProtocol.java:778)
	at org.mariadb.jdbc.internal.protocol.AbstractConnectProtocol.createConnection(AbstractConnectProtocol.java:555)
	at org.mariadb.jdbc.internal.protocol.AbstractConnectProtocol.connectWithoutProxy(AbstractConnectProtocol.java:1389)
	... 37 common frames omitted
